{"contracts/DEX.sol":{"l":{"21":78,"22":78,"29":27,"31":26,"32":26,"34":26,"35":23,"37":3,"38":3,"41":26,"42":26,"44":26,"45":26,"47":26,"54":5,"56":4,"57":4,"59":4,"60":4,"62":4,"63":4,"65":4,"66":4,"68":4,"75":14,"77":13,"79":13,"80":13,"82":13,"83":13,"85":13,"92":1,"94":1,"96":1,"97":1,"99":1,"100":1,"102":1,"106":4,"107":3,"115":8,"127":15,"128":15,"129":15,"130":15,"134":23,"135":23,"136":23,"137":23,"138":1644,"139":1644,"142":0},"path":"/app/contracts/DEX.sol","s":{"1":27,"2":26,"3":26,"4":26,"5":3,"6":26,"7":5,"8":4,"9":4,"10":4,"11":14,"12":13,"13":13,"14":13,"15":1,"16":1,"17":1,"18":1,"19":4,"20":3,"21":8,"22":15,"23":15,"24":15,"25":23,"26":23,"27":23,"28":0},"b":{"1":[26,1],"2":[23,3],"3":[3,0],"4":[4,1],"5":[13,1],"6":[1,0],"7":[3,1],"8":[23,0],"9":[0,0]},"f":{"1":78,"2":27,"3":5,"4":14,"5":1,"6":4,"7":8,"8":15,"9":23},"fnMap":{"1":{"name":"constructor","line":20,"loc":{"start":{"line":20,"column":4},"end":{"line":23,"column":4}}},"2":{"name":"addLiquidity","line":25,"loc":{"start":{"line":25,"column":4},"end":{"line":48,"column":4}}},"3":{"name":"removeLiquidity","line":50,"loc":{"start":{"line":50,"column":4},"end":{"line":69,"column":4}}},"4":{"name":"swapAForB","line":71,"loc":{"start":{"line":71,"column":4},"end":{"line":86,"column":4}}},"5":{"name":"swapBForA","line":88,"loc":{"start":{"line":88,"column":4},"end":{"line":103,"column":4}}},"6":{"name":"getPrice","line":105,"loc":{"start":{"line":105,"column":4},"end":{"line":108,"column":4}}},"7":{"name":"getReserves","line":110,"loc":{"start":{"line":110,"column":4},"end":{"line":116,"column":4}}},"8":{"name":"getAmountOut","line":118,"loc":{"start":{"line":118,"column":4},"end":{"line":131,"column":4}}},"9":{"name":"sqrt","line":133,"loc":{"start":{"line":133,"column":4},"end":{"line":144,"column":4}}}},"statementMap":{"1":{"start":{"line":29,"column":8},"end":{"line":29,"column":57}},"2":{"start":{"line":31,"column":8},"end":{"line":31,"column":70}},"3":{"start":{"line":32,"column":8},"end":{"line":32,"column":70}},"4":{"start":{"line":34,"column":8},"end":{"line":34,"column":1177}},"5":{"start":{"line":37,"column":12},"end":{"line":37,"column":80}},"6":{"start":{"line":47,"column":8},"end":{"line":47,"column":74}},"7":{"start":{"line":54,"column":8},"end":{"line":54,"column":80}},"8":{"start":{"line":65,"column":8},"end":{"line":65,"column":51}},"9":{"start":{"line":66,"column":8},"end":{"line":66,"column":51}},"10":{"start":{"line":68,"column":8},"end":{"line":68,"column":76}},"11":{"start":{"line":75,"column":8},"end":{"line":75,"column":42}},"12":{"start":{"line":79,"column":8},"end":{"line":79,"column":72}},"13":{"start":{"line":80,"column":8},"end":{"line":80,"column":54}},"14":{"start":{"line":85,"column":8},"end":{"line":85,"column":68}},"15":{"start":{"line":92,"column":8},"end":{"line":92,"column":42}},"16":{"start":{"line":96,"column":8},"end":{"line":96,"column":72}},"17":{"start":{"line":97,"column":8},"end":{"line":97,"column":54}},"18":{"start":{"line":102,"column":8},"end":{"line":102,"column":68}},"19":{"start":{"line":106,"column":8},"end":{"line":106,"column":44}},"20":{"start":{"line":107,"column":8},"end":{"line":107,"column":34}},"21":{"start":{"line":115,"column":8},"end":{"line":115,"column":35}},"22":{"start":{"line":127,"column":8},"end":{"line":127,"column":48}},"23":{"start":{"line":128,"column":8},"end":{"line":128,"column":56}},"24":{"start":{"line":129,"column":8},"end":{"line":129,"column":66}},"25":{"start":{"line":134,"column":8},"end":{"line":134,"column":4243}},"26":{"start":{"line":136,"column":12},"end":{"line":136,"column":33}},"27":{"start":{"line":137,"column":12},"end":{"line":137,"column":4329}},"28":{"start":{"line":141,"column":15},"end":{"line":141,"column":4434}}},"branchMap":{"1":{"line":29,"type":"if","locations":[{"start":{"line":29,"column":8},"end":{"line":29,"column":8}},{"start":{"line":29,"column":8},"end":{"line":29,"column":8}}]},"2":{"line":34,"type":"if","locations":[{"start":{"line":34,"column":8},"end":{"line":34,"column":8}},{"start":{"line":34,"column":8},"end":{"line":34,"column":8}}]},"3":{"line":37,"type":"if","locations":[{"start":{"line":37,"column":12},"end":{"line":37,"column":12}},{"start":{"line":37,"column":12},"end":{"line":37,"column":12}}]},"4":{"line":54,"type":"if","locations":[{"start":{"line":54,"column":8},"end":{"line":54,"column":8}},{"start":{"line":54,"column":8},"end":{"line":54,"column":8}}]},"5":{"line":75,"type":"if","locations":[{"start":{"line":75,"column":8},"end":{"line":75,"column":8}},{"start":{"line":75,"column":8},"end":{"line":75,"column":8}}]},"6":{"line":92,"type":"if","locations":[{"start":{"line":92,"column":8},"end":{"line":92,"column":8}},{"start":{"line":92,"column":8},"end":{"line":92,"column":8}}]},"7":{"line":106,"type":"if","locations":[{"start":{"line":106,"column":8},"end":{"line":106,"column":8}},{"start":{"line":106,"column":8},"end":{"line":106,"column":8}}]},"8":{"line":134,"type":"if","locations":[{"start":{"line":134,"column":8},"end":{"line":134,"column":8}},{"start":{"line":134,"column":8},"end":{"line":134,"column":8}}]},"9":{"line":141,"type":"if","locations":[{"start":{"line":141,"column":15},"end":{"line":141,"column":15}},{"start":{"line":141,"column":15},"end":{"line":141,"column":15}}]}}},"contracts/MockERC20.sol":{"l":{"16":156,"23":0},"path":"/app/contracts/MockERC20.sol","s":{"1":156,"2":0},"b":{},"f":{"1":156,"2":0},"fnMap":{"1":{"name":"constructor","line":14,"loc":{"start":{"line":13,"column":4},"end":{"line":17,"column":4}}},"2":{"name":"mint","line":22,"loc":{"start":{"line":22,"column":4},"end":{"line":24,"column":4}}}},"statementMap":{"1":{"start":{"line":16,"column":8},"end":{"line":16,"column":54}},"2":{"start":{"line":23,"column":8},"end":{"line":23,"column":24}}},"branchMap":{}}}